<?xml version="1.0" encoding="UTF-8" standalone="yes"?><!DOCTYPE report PUBLIC "-//JACOCO//DTD Report 1.0//EN" "report.dtd"><report name="finalServer"><sessioninfo id="WKSWUPUN1038-c2b77604" start="1553849691189" dump="1553849694824"/><sessioninfo id="WKSWUPUN1038-3b66a1f3" start="1553851917278" dump="1553851924375"/><sessioninfo id="WKSWUPUN1038-c500eef4" start="1553852020073" dump="1553852023916"/><package name="com/conversion"><class name="com/conversion/ConverterPublisher"><method name="&lt;init&gt;" desc="()V" line="6"><counter type="INSTRUCTION" missed="3" covered="0"/><counter type="LINE" missed="1" covered="0"/><counter type="COMPLEXITY" missed="1" covered="0"/><counter type="METHOD" missed="1" covered="0"/></method><method name="main" desc="([Ljava/lang/String;)V" line="8"><counter type="INSTRUCTION" missed="13" covered="0"/><counter type="LINE" missed="4" covered="0"/><counter type="COMPLEXITY" missed="1" covered="0"/><counter type="METHOD" missed="1" covered="0"/></method><counter type="INSTRUCTION" missed="16" covered="0"/><counter type="LINE" missed="5" covered="0"/><counter type="COMPLEXITY" missed="2" covered="0"/><counter type="METHOD" missed="2" covered="0"/><counter type="CLASS" missed="1" covered="0"/></class><class name="com/conversion/ConverterImpl"><method name="&lt;init&gt;" desc="()V" line="15"><counter type="INSTRUCTION" missed="0" covered="3"/><counter type="LINE" missed="0" covered="1"/><counter type="COMPLEXITY" missed="0" covered="1"/><counter type="METHOD" missed="0" covered="1"/></method><method name="getCurrencyCode" desc="(Ljava/lang/String;Ljava/lang/String;)Ljava/util/ArrayList;" line="18"><counter type="INSTRUCTION" missed="0" covered="11"/><counter type="LINE" missed="0" covered="3"/><counter type="COMPLEXITY" missed="0" covered="1"/><counter type="METHOD" missed="0" covered="1"/></method><method name="getAvailableCurrencies" desc="(Ljava/lang/String;Ljava/lang/String;)Ljava/util/ArrayList;" line="24"><counter type="INSTRUCTION" missed="12" covered="111"/><counter type="BRANCH" missed="4" covered="10"/><counter type="LINE" missed="4" covered="22"/><counter type="COMPLEXITY" missed="4" covered="4"/><counter type="METHOD" missed="0" covered="1"/></method><method name="getConversionRate" desc="(Ljava/lang/String;Ljava/lang/String;F)F" line="65"><counter type="INSTRUCTION" missed="0" covered="17"/><counter type="LINE" missed="0" covered="2"/><counter type="COMPLEXITY" missed="0" covered="1"/><counter type="METHOD" missed="0" covered="1"/></method><method name="getUrlContents" desc="(Ljava/lang/String;)F" line="70"><counter type="INSTRUCTION" missed="3" covered="62"/><counter type="BRANCH" missed="0" covered="2"/><counter type="LINE" missed="2" covered="12"/><counter type="COMPLEXITY" missed="0" covered="2"/><counter type="METHOD" missed="0" covered="1"/></method><counter type="INSTRUCTION" missed="15" covered="204"/><counter type="BRANCH" missed="4" covered="12"/><counter type="LINE" missed="6" covered="40"/><counter type="COMPLEXITY" missed="4" covered="9"/><counter type="METHOD" missed="0" covered="5"/><counter type="CLASS" missed="0" covered="1"/></class><sourcefile name="ConverterImpl.java"><line nr="15" mi="0" ci="3" mb="0" cb="0"/><line nr="18" mi="0" ci="4" mb="0" cb="0"/><line nr="19" mi="0" ci="5" mb="0" cb="0"/><line nr="20" mi="0" ci="2" mb="0" cb="0"/><line nr="24" mi="0" ci="2" mb="0" cb="0"/><line nr="25" mi="0" ci="2" mb="0" cb="0"/><line nr="26" mi="0" ci="4" mb="0" cb="0"/><line nr="27" mi="0" ci="2" mb="0" cb="0"/><line nr="28" mi="0" ci="4" mb="0" cb="0"/><line nr="29" mi="0" ci="16" mb="1" cb="1"/><line nr="30" mi="0" ci="6" mb="0" cb="2"/><line nr="32" mi="0" ci="2" mb="0" cb="0"/><line nr="33" mi="0" ci="8" mb="0" cb="0"/><line nr="34" mi="0" ci="1" mb="0" cb="0"/><line nr="37" mi="0" ci="16" mb="1" cb="1"/><line nr="38" mi="0" ci="6" mb="0" cb="2"/><line nr="40" mi="0" ci="2" mb="0" cb="0"/><line nr="41" mi="0" ci="8" mb="0" cb="0"/><line nr="42" mi="0" ci="4" mb="0" cb="0"/><line nr="43" mi="0" ci="1" mb="0" cb="0"/><line nr="46" mi="0" ci="2" mb="1" cb="1"/><line nr="48" mi="4" ci="0" mb="0" cb="0"/><line nr="49" mi="2" ci="0" mb="0" cb="0"/><line nr="51" mi="0" ci="2" mb="1" cb="1"/><line nr="52" mi="4" ci="0" mb="0" cb="0"/><line nr="53" mi="2" ci="0" mb="0" cb="0"/><line nr="55" mi="0" ci="12" mb="0" cb="2"/><line nr="57" mi="0" ci="5" mb="0" cb="0"/><line nr="58" mi="0" ci="4" mb="0" cb="0"/><line nr="60" mi="0" ci="2" mb="0" cb="0"/><line nr="65" mi="0" ci="13" mb="0" cb="0"/><line nr="66" mi="0" ci="4" mb="0" cb="0"/><line nr="70" mi="0" ci="4" mb="0" cb="0"/><line nr="73" mi="0" ci="5" mb="0" cb="0"/><line nr="74" mi="0" ci="3" mb="0" cb="0"/><line nr="75" mi="0" ci="9" mb="0" cb="0"/><line nr="77" mi="0" ci="6" mb="0" cb="2"/><line nr="79" mi="0" ci="11" mb="0" cb="0"/><line nr="81" mi="0" ci="2" mb="0" cb="0"/><line nr="82" mi="0" ci="1" mb="0" cb="0"/><line nr="83" mi="1" ci="0" mb="0" cb="0"/><line nr="85" mi="2" ci="0" mb="0" cb="0"/><line nr="87" mi="0" ci="5" mb="0" cb="0"/><line nr="88" mi="0" ci="6" mb="0" cb="0"/><line nr="89" mi="0" ci="7" mb="0" cb="0"/><line nr="90" mi="0" ci="3" mb="0" cb="0"/><counter type="INSTRUCTION" missed="15" covered="204"/><counter type="BRANCH" missed="4" covered="12"/><counter type="LINE" missed="6" covered="40"/><counter type="COMPLEXITY" missed="4" covered="9"/><counter type="METHOD" missed="0" covered="5"/><counter type="CLASS" missed="0" covered="1"/></sourcefile><sourcefile name="ConverterPublisher.java"><line nr="6" mi="3" ci="0" mb="0" cb="0"/><line nr="8" mi="3" ci="0" mb="0" cb="0"/><line nr="9" mi="6" ci="0" mb="0" cb="0"/><line nr="10" mi="3" ci="0" mb="0" cb="0"/><line nr="11" mi="1" ci="0" mb="0" cb="0"/><counter type="INSTRUCTION" missed="16" covered="0"/><counter type="LINE" missed="5" covered="0"/><counter type="COMPLEXITY" missed="2" covered="0"/><counter type="METHOD" missed="2" covered="0"/><counter type="CLASS" missed="1" covered="0"/></sourcefile><counter type="INSTRUCTION" missed="31" covered="204"/><counter type="BRANCH" missed="4" covered="12"/><counter type="LINE" missed="11" covered="40"/><counter type="COMPLEXITY" missed="6" covered="9"/><counter type="METHOD" missed="2" covered="5"/><counter type="CLASS" missed="1" covered="1"/></package><counter type="INSTRUCTION" missed="31" covered="204"/><counter type="BRANCH" missed="4" covered="12"/><counter type="LINE" missed="11" covered="40"/><counter type="COMPLEXITY" missed="6" covered="9"/><counter type="METHOD" missed="2" covered="5"/><counter type="CLASS" missed="1" covered="1"/></report>