<?xml version="1.0" encoding="UTF-8" ?>
<testsuite tests="4" failures="0" name="com.test.conversion.ConverterImplTest" time="2.934" errors="0" skipped="0">
  <properties>
[...]
</properties>
  <testcase classname="com.test.conversion.ConverterImplTest" name="testConversionEUR" time="2.694"/>
  <testcase classname="com.test.conversion.ConverterImplTest" name="testConversionInterchange" time="0.135"/>
  <testcase classname="com.test.conversion.ConverterImplTest" name="testConversion" time="0.064"/>
  <testcase classname="com.test.conversion.ConverterImplTest" name="testCurrencyCode" time="0.041"/>
</testsuite>